Software Version: 11.7.1.11
Embedded FlashPro5 programmer detected.
programmer 'E200WJY28' : FlashPro5
Opened 'C:\Future\FPGA\Microsemi\CreativeBoard\IGLOO2\Lab2_VHDL\designer\LedBlinkingDSpeed\LedBlinkingDSpeed_fp\LedBlinkingDSpeed.pro'
The 'open_project' command succeeded.
IPD file 'C:/Future/FPGA/Microsemi/CreativeBoard/IGLOO2/Lab2_VHDL/designer/LedBlinkingDSpeed/LedBlinkingDSpeed.ipd' has been loaded successfully.
DESIGN : LedBlinkingDSpeed;  CHECKSUM : 8F38;  PDB_VERSION : 1.9
The 'set_programming_file' command succeeded.
Warning: Programming is already enabled for device 'M2GL025'.
The 'enable_device' command succeeded.
The 'set_programming_action' command succeeded.
programmer 'E200WJY28' : Scan Chain...
Warning: programmer 'E200WJY28' : Vpump has been selected on programmer AND an externally provided Vpump has also been detected. Using externally provided Vpump voltage source.
programmer 'E200WJY28' : Check Chain...
programmer 'E200WJY28' : Scan and Check Chain PASSED.
programmer 'E200WJY28' : device 'M2GL025' : Executing action PROGRAM
programmer 'E200WJY28' : device 'M2GL025' : Family: Igloo2
programmer 'E200WJY28' : device 'M2GL025' : Product:      M2GL025
programmer 'E200WJY28' : device 'M2GL025' : EXPORT ISC_ENABLE_RESULT[32] = 00786744
programmer 'E200WJY28' : device 'M2GL025' : EXPORT CRCERR: [1] = 0
programmer 'E200WJY28' : device 'M2GL025' : EXPORT EDCERR: [1] = 0
programmer 'E200WJY28' : device 'M2GL025' : TEMPGRADE: ROOM
programmer 'E200WJY28' : device 'M2GL025' : EXPORT VPPRANGE: [3] = 2
programmer 'E200WJY28' : device 'M2GL025' : VPPRANGE: HIGH
programmer 'E200WJY28' : device 'M2GL025' : EXPORT TEMP: [8] = 67
programmer 'E200WJY28' : device 'M2GL025' : EXPORT VPP: [8] = 78
programmer 'E200WJY28' : device 'M2GL025' : Programming FPGA Array...
programmer 'E200WJY28' : device 'M2GL025' : ===================================================================================
programmer 'E200WJY28' : device 'M2GL025' : EXPORT DSN[128] = 647854d7146932d9ca6798f35286b3f4
programmer 'E200WJY28' : device 'M2GL025' : ===================================================================================
programmer 'E200WJY28' : device 'M2GL025' : Finished: Sun Oct 23 03:03:03 2016 (Elapsed time 00:00:38)
programmer 'E200WJY28' : device 'M2GL025' : Executing action PROGRAM PASSED.
programmer 'E200WJY28' : Chain programming PASSED.
Chain Programming Finished: Sun Oct 23 03:03:03 2016 (Elapsed time 00:00:38)

                        o - o - o - o - o - o

The 'run_selected_actions' command succeeded.
The 'set_programming_file' command succeeded.
Project saved.
The 'save_project' command succeeded.
Project closed.
