Resource Usage Report for LedBlinkingDSpeed 

Mapping to part: m2gl025vf256std
Cell usage:
CLKINT          2 uses
CFG2           6 uses
CFG3           9 uses
CFG4           38 uses

Carry primitives used for arithmetic functions:
ARI1           110 uses


Sequential Cells: 
SLE            116 uses

DSP Blocks:    0

I/O ports: 7
I/O primitives: 7
INBUF          3 uses
OUTBUF         4 uses


Global Clock Buffers: 2


Total LUTs:    163

Extra resources required for RAM and MACC interface logic during P&R:

RAM64x18 Interface Logic : SLEs = 0; LUTs = 0;
RAM1K18  Interface Logic : SLEs = 0; LUTs = 0;
MACC     Interface Logic : SLEs = 0; LUTs = 0;

Total number of SLEs after P&R:  116 + 0 + 0 + 0 = 116;
Total number of LUTs after P&R:  163 + 0 + 0 + 0 = 163;

