
AMBA BFM Compiler (BETA Version 2.1.107 04Feb09) 
  Reading
   Processing ./coreahblite_usertb_ahb_master0.bfm
   Processing coreahblite_usertb_include.bfm
  Enumerating
  Assigning
  Checking
   Checking Complete
   162 Global  localconstants Defined
   92 Global  localvariables Defined
  Writing Vectors ./coreahblite_usertb_ahb_master0.vec
   Commands Generated 883
   Vectors Generated 3718
   Vector CheckSum 4be90ef5

BFM Compiler Completed Okay

AMBA BFM Compiler (BETA Version 2.1.107 04Feb09) 
  Reading
   Processing ./coreahblite_usertb_ahb_master1.bfm
   Processing coreahblite_usertb_include.bfm
  Enumerating
  Assigning
  Checking
   Checking Complete
   44 Global  localconstants Defined
   92 Global  localvariables Defined
  Writing Vectors ./coreahblite_usertb_ahb_master1.vec
   Commands Generated 429
   Vectors Generated 1704
   Vector CheckSum dc8a2f46

BFM Compiler Completed Okay
