# ** Warning: Multiple occurences of ini variable SmartFusion2 are found, only first occurence will be considered.
# ** Warning: Multiple occurences of ini variable SmartFusion2 are found, only first occurence will be considered.
# ** Warning: Multiple occurences of ini variable SmartFusion2 are found, only first occurence will be considered.
# ** Warning: Multiple occurences of ini variable SmartFusion2 are found, only first occurence will be considered.
# ** Warning: Multiple occurences of ini variable SmartFusion2 are found, only first occurence will be considered.
# ** Warning: Multiple occurences of ini variable SmartFusion2 are found, only first occurence will be considered.
# ** Warning: Multiple occurences of ini variable SmartFusion2 are found, only first occurence will be considered.
# ** Warning: Multiple occurences of ini variable SmartFusion2 are found, only first occurence will be considered.
# ** Warning: Multiple occurences of ini variable SmartFusion2 are found, only first occurence will be considered.
# ** Warning: Multiple occurences of ini variable SmartFusion2 are found, only first occurence will be considered.
# ** Warning: Multiple occurences of ini variable SmartFusion2 are found, only first occurence will be considered.
# ** Warning: Multiple occurences of ini variable SmartFusion2 are found, only first occurence will be considered.
# ** Warning: Multiple occurences of ini variable SmartFusion2 are found, only first occurence will be considered.
# ** Warning: Multiple occurences of ini variable SmartFusion2 are found, only first occurence will be considered.
# ** Warning: Multiple occurences of ini variable SmartFusion2 are found, only first occurence will be considered.
# ** Warning: Multiple occurences of ini variable SmartFusion2 are found, only first occurence will be considered.
# ** Warning: Multiple occurences of ini variable SmartFusion2 are found, only first occurence will be considered.
# ** Warning: Multiple occurences of ini variable SmartFusion2 are found, only first occurence will be considered.
# ** Warning: Multiple occurences of ini variable SmartFusion2 are found, only first occurence will be considered.
# ** Warning: Multiple occurences of ini variable SmartFusion2 are found, only first occurence will be considered.
# ** Warning: Multiple occurences of ini variable SmartFusion2 are found, only first occurence will be considered.
# ** Warning: Multiple occurences of ini variable SmartFusion2 are found, only first occurence will be considered.
# ** Warning: Multiple occurences of ini variable SmartFusion2 are found, only first occurence will be considered.
# ** Warning: Multiple occurences of ini variable SmartFusion2 are found, only first occurence will be considered.
# ** Warning: Multiple occurences of ini variable SmartFusion2 are found, only first occurence will be considered.
# ** Warning: Multiple occurences of ini variable SmartFusion2 are found, only first occurence will be considered.
# ** Warning: Multiple occurences of ini variable SmartFusion2 are found, only first occurence will be considered.
# ** Warning: Multiple occurences of ini variable SmartFusion2 are found, only first occurence will be considered.
# ** Warning: Multiple occurences of ini variable SmartFusion2 are found, only first occurence will be considered.
# ** Warning: Multiple occurences of ini variable SmartFusion2 are found, only first occurence will be considered.
# ** Warning: Multiple occurences of ini variable SmartFusion2 are found, only first occurence will be considered.
# ** Warning: Multiple occurences of ini variable SmartFusion2 are found, only first occurence will be considered.
# ** Warning: Multiple occurences of ini variable SmartFusion2 are found, only first occurence will be considered.
# ** Warning: Multiple occurences of ini variable SmartFusion2 are found, only first occurence will be considered.
# ** Warning: Multiple occurences of ini variable SmartFusion2 are found, only first occurence will be considered.
# ** Warning: Multiple occurences of ini variable SmartFusion2 are found, only first occurence will be considered.
# ** Warning: Multiple occurences of ini variable SmartFusion2 are found, only first occurence will be considered.
# ** Warning: Multiple occurences of ini variable SmartFusion2 are found, only first occurence will be considered.
# ** Warning: Multiple occurences of ini variable SmartFusion2 are found, only first occurence will be considered.
# ** Warning: Multiple occurences of ini variable SmartFusion2 are found, only first occurence will be considered.
# ** Warning: Multiple occurences of ini variable SmartFusion2 are found, only first occurence will be considered.
# ** Warning: Multiple occurences of ini variable SmartFusion2 are found, only first occurence will be considered.
# ** Warning: Multiple occurences of ini variable SmartFusion2 are found, only first occurence will be considered.
# ** Warning: Multiple occurences of ini variable SmartFusion2 are found, only first occurence will be considered.
# ** Warning: Multiple occurences of ini variable SmartFusion2 are found, only first occurence will be considered.
# ** Warning: Multiple occurences of ini variable SmartFusion2 are found, only first occurence will be considered.
# ** Warning: Multiple occurences of ini variable SmartFusion2 are found, only first occurence will be considered.
# ** Warning: Multiple occurences of ini variable SmartFusion2 are found, only first occurence will be considered.
# ** Warning: Multiple occurences of ini variable SmartFusion2 are found, only first occurence will be considered.
# ** Warning: Multiple occurences of ini variable SmartFusion2 are found, only first occurence will be considered.
# ** Warning: Multiple occurences of ini variable SmartFusion2 are found, only first occurence will be considered.
# ** Warning: Multiple occurences of ini variable SmartFusion2 are found, only first occurence will be considered.
# ** Warning: Multiple occurences of ini variable SmartFusion2 are found, only first occurence will be considered.
# ** Warning: Multiple occurences of ini variable SmartFusion2 are found, only first occurence will be considered.
# ** Warning: Multiple occurences of ini variable SmartFusion2 are found, only first occurence will be considered.
# ** Warning: Multiple occurences of ini variable SmartFusion2 are found, only first occurence will be considered.
# Reading C:/Microsemi/Libero_SoC_v11.7/Model/tcl/vsim/pref.tcl
# do run.do
# INFO: Simulation library postsynth already exists
# ** Warning: Multiple occurences of ini variable SmartFusion2 are found, only first occurence will be considered.
# ** Warning: Multiple occurences of ini variable SmartFusion2 are found, only first occurence will be considered.
# ** Warning: Multiple occurences of ini variable SmartFusion2 are found, only first occurence will be considered.
# ** Warning: Multiple occurences of ini variable SmartFusion2 are found, only first occurence will be considered.
# ** Warning: Multiple occurences of ini variable SmartFusion2 are found, only first occurence will be considered.
# ** Warning: Multiple occurences of ini variable SmartFusion2 are found, only first occurence will be considered.
# ** Warning: Multiple occurences of ini variable SmartFusion2 are found, only first occurence will be considered.
# ** Warning: Multiple occurences of ini variable SmartFusion2 are found, only first occurence will be considered.
# ** Warning: Multiple occurences of ini variable SmartFusion2 are found, only first occurence will be considered.
# ** Warning: Multiple occurences of ini variable SmartFusion2 are found, only first occurence will be considered.
# ** Warning: Multiple occurences of ini variable SmartFusion2 are found, only first occurence will be considered.
# ** Warning: Multiple occurences of ini variable SmartFusion2 are found, only first occurence will be considered.
# ** Warning: Multiple occurences of ini variable SmartFusion2 are found, only first occurence will be considered.
# ** Warning: Multiple occurences of ini variable SmartFusion2 are found, only first occurence will be considered.
# ** Warning: Multiple occurences of ini variable SmartFusion2 are found, only first occurence will be considered.
# ** Warning: Multiple occurences of ini variable SmartFusion2 are found, only first occurence will be considered.
# ** Warning: Multiple occurences of ini variable SmartFusion2 are found, only first occurence will be considered.
# ** Warning: Multiple occurences of ini variable SmartFusion2 are found, only first occurence will be considered.
# ** Warning: Multiple occurences of ini variable SmartFusion2 are found, only first occurence will be considered.
# ** Warning: Multiple occurences of ini variable SmartFusion2 are found, only first occurence will be considered.
# ** Warning: Multiple occurences of ini variable SmartFusion2 are found, only first occurence will be considered.
# ** Warning: Multiple occurences of ini variable SmartFusion2 are found, only first occurence will be considered.
# ** Warning: Multiple occurences of ini variable SmartFusion2 are found, only first occurence will be considered.
# ** Warning: Multiple occurences of ini variable SmartFusion2 are found, only first occurence will be considered.
# ** Warning: Multiple occurences of ini variable SmartFusion2 are found, only first occurence will be considered.
# ** Warning: Multiple occurences of ini variable SmartFusion2 are found, only first occurence will be considered.
# ** Warning: Multiple occurences of ini variable SmartFusion2 are found, only first occurence will be considered.
# ** Warning: Multiple occurences of ini variable SmartFusion2 are found, only first occurence will be considered.
# ** Warning: Multiple occurences of ini variable SmartFusion2 are found, only first occurence will be considered.
# ** Warning: Multiple occurences of ini variable SmartFusion2 are found, only first occurence will be considered.
# ** Warning: Multiple occurences of ini variable SmartFusion2 are found, only first occurence will be considered.
# ** Warning: Multiple occurences of ini variable SmartFusion2 are found, only first occurence will be considered.
# ** Warning: Multiple occurences of ini variable SmartFusion2 are found, only first occurence will be considered.
# ** Warning: Multiple occurences of ini variable SmartFusion2 are found, only first occurence will be considered.
# ** Warning: Multiple occurences of ini variable SmartFusion2 are found, only first occurence will be considered.
# ** Warning: Multiple occurences of ini variable SmartFusion2 are found, only first occurence will be considered.
# ** Warning: Multiple occurences of ini variable SmartFusion2 are found, only first occurence will be considered.
# ** Warning: Multiple occurences of ini variable SmartFusion2 are found, only first occurence will be considered.
# ** Warning: Multiple occurences of ini variable SmartFusion2 are found, only first occurence will be considered.
# ** Warning: Multiple occurences of ini variable SmartFusion2 are found, only first occurence will be considered.
# ** Warning: Multiple occurences of ini variable SmartFusion2 are found, only first occurence will be considered.
# ** Warning: Multiple occurences of ini variable SmartFusion2 are found, only first occurence will be considered.
# ** Warning: Multiple occurences of ini variable SmartFusion2 are found, only first occurence will be considered.
# ** Warning: Multiple occurences of ini variable SmartFusion2 are found, only first occurence will be considered.
# ** Warning: Multiple occurences of ini variable SmartFusion2 are found, only first occurence will be considered.
# ** Warning: Multiple occurences of ini variable SmartFusion2 are found, only first occurence will be considered.
# ** Warning: Multiple occurences of ini variable SmartFusion2 are found, only first occurence will be considered.
# ** Warning: Multiple occurences of ini variable SmartFusion2 are found, only first occurence will be considered.
# ** Warning: Multiple occurences of ini variable SmartFusion2 are found, only first occurence will be considered.
# ** Warning: Multiple occurences of ini variable SmartFusion2 are found, only first occurence will be considered.
# ** Warning: Multiple occurences of ini variable SmartFusion2 are found, only first occurence will be considered.
# ** Warning: Multiple occurences of ini variable SmartFusion2 are found, only first occurence will be considered.
# ** Warning: Multiple occurences of ini variable SmartFusion2 are found, only first occurence will be considered.
# ** Warning: Multiple occurences of ini variable SmartFusion2 are found, only first occurence will be considered.
# ** Warning: Multiple occurences of ini variable SmartFusion2 are found, only first occurence will be considered.
# ** Warning: Multiple occurences of ini variable SmartFusion2 are found, only first occurence will be considered.
# Model Technology ModelSim Microsemi vmap 10.4c Lib Mapping Utility 2015.07 Aug 12 2015
# vmap postsynth postsynth 
# Modifying modelsim.ini
# ** Warning: Multiple occurences of ini variable SmartFusion2 are found, only first occurence will be considered.
# ** Warning: Multiple occurences of ini variable SmartFusion2 are found, only first occurence will be considered.
# ** Warning: Multiple occurences of ini variable SmartFusion2 are found, only first occurence will be considered.
# ** Warning: Multiple occurences of ini variable SmartFusion2 are found, only first occurence will be considered.
# ** Warning: Multiple occurences of ini variable SmartFusion2 are found, only first occurence will be considered.
# ** Warning: Multiple occurences of ini variable SmartFusion2 are found, only first occurence will be considered.
# ** Warning: Multiple occurences of ini variable SmartFusion2 are found, only first occurence will be considered.
# ** Warning: Multiple occurences of ini variable SmartFusion2 are found, only first occurence will be considered.
# ** Warning: Multiple occurences of ini variable SmartFusion2 are found, only first occurence will be considered.
# ** Warning: Multiple occurences of ini variable SmartFusion2 are found, only first occurence will be considered.
# ** Warning: Multiple occurences of ini variable SmartFusion2 are found, only first occurence will be considered.
# ** Warning: Multiple occurences of ini variable SmartFusion2 are found, only first occurence will be considered.
# ** Warning: Multiple occurences of ini variable SmartFusion2 are found, only first occurence will be considered.
# ** Warning: Multiple occurences of ini variable SmartFusion2 are found, only first occurence will be considered.
# ** Warning: Multiple occurences of ini variable SmartFusion2 are found, only first occurence will be considered.
# ** Warning: Multiple occurences of ini variable SmartFusion2 are found, only first occurence will be considered.
# ** Warning: Multiple occurences of ini variable SmartFusion2 are found, only first occurence will be considered.
# ** Warning: Multiple occurences of ini variable SmartFusion2 are found, only first occurence will be considered.
# ** Warning: Multiple occurences of ini variable SmartFusion2 are found, only first occurence will be considered.
# ** Warning: Multiple occurences of ini variable SmartFusion2 are found, only first occurence will be considered.
# ** Warning: Multiple occurences of ini variable SmartFusion2 are found, only first occurence will be considered.
# ** Warning: Multiple occurences of ini variable SmartFusion2 are found, only first occurence will be considered.
# ** Warning: Multiple occurences of ini variable SmartFusion2 are found, only first occurence will be considered.
# ** Warning: Multiple occurences of ini variable SmartFusion2 are found, only first occurence will be considered.
# ** Warning: Multiple occurences of ini variable SmartFusion2 are found, only first occurence will be considered.
# ** Warning: Multiple occurences of ini variable SmartFusion2 are found, only first occurence will be considered.
# ** Warning: Multiple occurences of ini variable SmartFusion2 are found, only first occurence will be considered.
# ** Warning: Multiple occurences of ini variable SmartFusion2 are found, only first occurence will be considered.
# ** Warning: Multiple occurences of ini variable SmartFusion2 are found, only first occurence will be considered.
# ** Warning: Multiple occurences of ini variable SmartFusion2 are found, only first occurence will be considered.
# ** Warning: Multiple occurences of ini variable SmartFusion2 are found, only first occurence will be considered.
# ** Warning: Multiple occurences of ini variable SmartFusion2 are found, only first occurence will be considered.
# ** Warning: Multiple occurences of ini variable SmartFusion2 are found, only first occurence will be considered.
# ** Warning: Multiple occurences of ini variable SmartFusion2 are found, only first occurence will be considered.
# ** Warning: Multiple occurences of ini variable SmartFusion2 are found, only first occurence will be considered.
# ** Warning: Multiple occurences of ini variable SmartFusion2 are found, only first occurence will be considered.
# ** Warning: Multiple occurences of ini variable SmartFusion2 are found, only first occurence will be considered.
# ** Warning: Multiple occurences of ini variable SmartFusion2 are found, only first occurence will be considered.
# ** Warning: Multiple occurences of ini variable SmartFusion2 are found, only first occurence will be considered.
# ** Warning: Multiple occurences of ini variable SmartFusion2 are found, only first occurence will be considered.
# ** Warning: Multiple occurences of ini variable SmartFusion2 are found, only first occurence will be considered.
# ** Warning: Multiple occurences of ini variable SmartFusion2 are found, only first occurence will be considered.
# ** Warning: Multiple occurences of ini variable SmartFusion2 are found, only first occurence will be considered.
# ** Warning: Multiple occurences of ini variable SmartFusion2 are found, only first occurence will be considered.
# ** Warning: Multiple occurences of ini variable SmartFusion2 are found, only first occurence will be considered.
# ** Warning: Multiple occurences of ini variable SmartFusion2 are found, only first occurence will be considered.
# ** Warning: Multiple occurences of ini variable SmartFusion2 are found, only first occurence will be considered.
# ** Warning: Multiple occurences of ini variable SmartFusion2 are found, only first occurence will be considered.
# ** Warning: Multiple occurences of ini variable SmartFusion2 are found, only first occurence will be considered.
# ** Warning: Multiple occurences of ini variable SmartFusion2 are found, only first occurence will be considered.
# ** Warning: Multiple occurences of ini variable SmartFusion2 are found, only first occurence will be considered.
# ** Warning: Multiple occurences of ini variable SmartFusion2 are found, only first occurence will be considered.
# ** Warning: Multiple occurences of ini variable SmartFusion2 are found, only first occurence will be considered.
# ** Warning: Multiple occurences of ini variable SmartFusion2 are found, only first occurence will be considered.
# ** Warning: Multiple occurences of ini variable SmartFusion2 are found, only first occurence will be considered.
# ** Warning: Multiple occurences of ini variable SmartFusion2 are found, only first occurence will be considered.
# Model Technology ModelSim Microsemi vmap 10.4c Lib Mapping Utility 2015.07 Aug 12 2015
# vmap IGLOO2 C:/Microsemi/Libero_SoC_v11.7///Designer//lib//modelsim//precompiled/vlog/smartfusion2 
# Modifying modelsim.ini
# ** Warning: Multiple occurences of ini variable SmartFusion2 are found, only first occurence will be considered.
# ** Warning: Multiple occurences of ini variable SmartFusion2 are found, only first occurence will be considered.
# ** Warning: Multiple occurences of ini variable SmartFusion2 are found, only first occurence will be considered.
# ** Warning: Multiple occurences of ini variable SmartFusion2 are found, only first occurence will be considered.
# ** Warning: Multiple occurences of ini variable SmartFusion2 are found, only first occurence will be considered.
# ** Warning: Multiple occurences of ini variable SmartFusion2 are found, only first occurence will be considered.
# ** Warning: Multiple occurences of ini variable SmartFusion2 are found, only first occurence will be considered.
# ** Warning: Multiple occurences of ini variable SmartFusion2 are found, only first occurence will be considered.
# ** Warning: Multiple occurences of ini variable SmartFusion2 are found, only first occurence will be considered.
# ** Warning: Multiple occurences of ini variable SmartFusion2 are found, only first occurence will be considered.
# ** Warning: Multiple occurences of ini variable SmartFusion2 are found, only first occurence will be considered.
# ** Warning: Multiple occurences of ini variable SmartFusion2 are found, only first occurence will be considered.
# ** Warning: Multiple occurences of ini variable SmartFusion2 are found, only first occurence will be considered.
# ** Warning: Multiple occurences of ini variable SmartFusion2 are found, only first occurence will be considered.
# ** Warning: Multiple occurences of ini variable SmartFusion2 are found, only first occurence will be considered.
# ** Warning: Multiple occurences of ini variable SmartFusion2 are found, only first occurence will be considered.
# ** Warning: Multiple occurences of ini variable SmartFusion2 are found, only first occurence will be considered.
# ** Warning: Multiple occurences of ini variable SmartFusion2 are found, only first occurence will be considered.
# ** Warning: Multiple occurences of ini variable SmartFusion2 are found, only first occurence will be considered.
# ** Warning: Multiple occurences of ini variable SmartFusion2 are found, only first occurence will be considered.
# ** Warning: Multiple occurences of ini variable SmartFusion2 are found, only first occurence will be considered.
# ** Warning: Multiple occurences of ini variable SmartFusion2 are found, only first occurence will be considered.
# ** Warning: Multiple occurences of ini variable SmartFusion2 are found, only first occurence will be considered.
# ** Warning: Multiple occurences of ini variable SmartFusion2 are found, only first occurence will be considered.
# ** Warning: Multiple occurences of ini variable SmartFusion2 are found, only first occurence will be considered.
# ** Warning: Multiple occurences of ini variable SmartFusion2 are found, only first occurence will be considered.
# ** Warning: Multiple occurences of ini variable SmartFusion2 are found, only first occurence will be considered.
# ** Warning: Multiple occurences of ini variable SmartFusion2 are found, only first occurence will be considered.
# ** Warning: Multiple occurences of ini variable SmartFusion2 are found, only first occurence will be considered.
# ** Warning: Multiple occurences of ini variable SmartFusion2 are found, only first occurence will be considered.
# ** Warning: Multiple occurences of ini variable SmartFusion2 are found, only first occurence will be considered.
# ** Warning: Multiple occurences of ini variable SmartFusion2 are found, only first occurence will be considered.
# ** Warning: Multiple occurences of ini variable SmartFusion2 are found, only first occurence will be considered.
# ** Warning: Multiple occurences of ini variable SmartFusion2 are found, only first occurence will be considered.
# ** Warning: Multiple occurences of ini variable SmartFusion2 are found, only first occurence will be considered.
# ** Warning: Multiple occurences of ini variable SmartFusion2 are found, only first occurence will be considered.
# ** Warning: Multiple occurences of ini variable SmartFusion2 are found, only first occurence will be considered.
# ** Warning: Multiple occurences of ini variable SmartFusion2 are found, only first occurence will be considered.
# ** Warning: Multiple occurences of ini variable SmartFusion2 are found, only first occurence will be considered.
# ** Warning: Multiple occurences of ini variable SmartFusion2 are found, only first occurence will be considered.
# ** Warning: Multiple occurences of ini variable SmartFusion2 are found, only first occurence will be considered.
# ** Warning: Multiple occurences of ini variable SmartFusion2 are found, only first occurence will be considered.
# ** Warning: Multiple occurences of ini variable SmartFusion2 are found, only first occurence will be considered.
# ** Warning: Multiple occurences of ini variable SmartFusion2 are found, only first occurence will be considered.
# ** Warning: Multiple occurences of ini variable SmartFusion2 are found, only first occurence will be considered.
# ** Warning: Multiple occurences of ini variable SmartFusion2 are found, only first occurence will be considered.
# ** Warning: Multiple occurences of ini variable SmartFusion2 are found, only first occurence will be considered.
# ** Warning: Multiple occurences of ini variable SmartFusion2 are found, only first occurence will be considered.
# ** Warning: Multiple occurences of ini variable SmartFusion2 are found, only first occurence will be considered.
# ** Warning: Multiple occurences of ini variable SmartFusion2 are found, only first occurence will be considered.
# ** Warning: Multiple occurences of ini variable SmartFusion2 are found, only first occurence will be considered.
# ** Warning: Multiple occurences of ini variable SmartFusion2 are found, only first occurence will be considered.
# ** Warning: Multiple occurences of ini variable SmartFusion2 are found, only first occurence will be considered.
# ** Warning: Multiple occurences of ini variable SmartFusion2 are found, only first occurence will be considered.
# ** Warning: Multiple occurences of ini variable SmartFusion2 are found, only first occurence will be considered.
# ** Warning: Multiple occurences of ini variable SmartFusion2 are found, only first occurence will be considered.
# Model Technology ModelSim Microsemi vmap 10.4c Lib Mapping Utility 2015.07 Aug 12 2015
# vmap SmartFusion2 C:/Microsemi/Libero_SoC_v11.7///Designer//lib//modelsim//precompiled/vlog/smartfusion2 
# Modifying modelsim.ini
# ** Warning: Multiple occurences of ini variable SmartFusion2 are found, only first occurence will be considered.
# ** Warning: Multiple occurences of ini variable SmartFusion2 are found, only first occurence will be considered.
# ** Warning: Multiple occurences of ini variable SmartFusion2 are found, only first occurence will be considered.
# ** Warning: Multiple occurences of ini variable SmartFusion2 are found, only first occurence will be considered.
# ** Warning: Multiple occurences of ini variable SmartFusion2 are found, only first occurence will be considered.
# ** Warning: Multiple occurences of ini variable SmartFusion2 are found, only first occurence will be considered.
# ** Warning: Multiple occurences of ini variable SmartFusion2 are found, only first occurence will be considered.
# ** Warning: Multiple occurences of ini variable SmartFusion2 are found, only first occurence will be considered.
# ** Warning: Multiple occurences of ini variable SmartFusion2 are found, only first occurence will be considered.
# ** Warning: Multiple occurences of ini variable SmartFusion2 are found, only first occurence will be considered.
# ** Warning: Multiple occurences of ini variable SmartFusion2 are found, only first occurence will be considered.
# ** Warning: Multiple occurences of ini variable SmartFusion2 are found, only first occurence will be considered.
# ** Warning: Multiple occurences of ini variable SmartFusion2 are found, only first occurence will be considered.
# ** Warning: Multiple occurences of ini variable SmartFusion2 are found, only first occurence will be considered.
# ** Warning: Multiple occurences of ini variable SmartFusion2 are found, only first occurence will be considered.
# ** Warning: Multiple occurences of ini variable SmartFusion2 are found, only first occurence will be considered.
# ** Warning: Multiple occurences of ini variable SmartFusion2 are found, only first occurence will be considered.
# ** Warning: Multiple occurences of ini variable SmartFusion2 are found, only first occurence will be considered.
# ** Warning: Multiple occurences of ini variable SmartFusion2 are found, only first occurence will be considered.
# ** Warning: Multiple occurences of ini variable SmartFusion2 are found, only first occurence will be considered.
# ** Warning: Multiple occurences of ini variable SmartFusion2 are found, only first occurence will be considered.
# ** Warning: Multiple occurences of ini variable SmartFusion2 are found, only first occurence will be considered.
# ** Warning: Multiple occurences of ini variable SmartFusion2 are found, only first occurence will be considered.
# ** Warning: Multiple occurences of ini variable SmartFusion2 are found, only first occurence will be considered.
# ** Warning: Multiple occurences of ini variable SmartFusion2 are found, only first occurence will be considered.
# ** Warning: Multiple occurences of ini variable SmartFusion2 are found, only first occurence will be considered.
# ** Warning: Multiple occurences of ini variable SmartFusion2 are found, only first occurence will be considered.
# ** Warning: Multiple occurences of ini variable SmartFusion2 are found, only first occurence will be considered.
# ** Warning: Multiple occurences of ini variable SmartFusion2 are found, only first occurence will be considered.
# ** Warning: Multiple occurences of ini variable SmartFusion2 are found, only first occurence will be considered.
# ** Warning: Multiple occurences of ini variable SmartFusion2 are found, only first occurence will be considered.
# ** Warning: Multiple occurences of ini variable SmartFusion2 are found, only first occurence will be considered.
# ** Warning: Multiple occurences of ini variable SmartFusion2 are found, only first occurence will be considered.
# ** Warning: Multiple occurences of ini variable SmartFusion2 are found, only first occurence will be considered.
# ** Warning: Multiple occurences of ini variable SmartFusion2 are found, only first occurence will be considered.
# ** Warning: Multiple occurences of ini variable SmartFusion2 are found, only first occurence will be considered.
# ** Warning: Multiple occurences of ini variable SmartFusion2 are found, only first occurence will be considered.
# ** Warning: Multiple occurences of ini variable SmartFusion2 are found, only first occurence will be considered.
# ** Warning: Multiple occurences of ini variable SmartFusion2 are found, only first occurence will be considered.
# ** Warning: Multiple occurences of ini variable SmartFusion2 are found, only first occurence will be considered.
# ** Warning: Multiple occurences of ini variable SmartFusion2 are found, only first occurence will be considered.
# ** Warning: Multiple occurences of ini variable SmartFusion2 are found, only first occurence will be considered.
# ** Warning: Multiple occurences of ini variable SmartFusion2 are found, only first occurence will be considered.
# ** Warning: Multiple occurences of ini variable SmartFusion2 are found, only first occurence will be considered.
# ** Warning: Multiple occurences of ini variable SmartFusion2 are found, only first occurence will be considered.
# ** Warning: Multiple occurences of ini variable SmartFusion2 are found, only first occurence will be considered.
# ** Warning: Multiple occurences of ini variable SmartFusion2 are found, only first occurence will be considered.
# ** Warning: Multiple occurences of ini variable SmartFusion2 are found, only first occurence will be considered.
# ** Warning: Multiple occurences of ini variable SmartFusion2 are found, only first occurence will be considered.
# ** Warning: Multiple occurences of ini variable SmartFusion2 are found, only first occurence will be considered.
# ** Warning: Multiple occurences of ini variable SmartFusion2 are found, only first occurence will be considered.
# ** Warning: Multiple occurences of ini variable SmartFusion2 are found, only first occurence will be considered.
# ** Warning: Multiple occurences of ini variable SmartFusion2 are found, only first occurence will be considered.
# ** Warning: Multiple occurences of ini variable SmartFusion2 are found, only first occurence will be considered.
# ** Warning: Multiple occurences of ini variable SmartFusion2 are found, only first occurence will be considered.
# ** Warning: Multiple occurences of ini variable SmartFusion2 are found, only first occurence will be considered.
# Model Technology ModelSim Microsemi vmap 10.4c Lib Mapping Utility 2015.07 Aug 12 2015
# vmap COREAHBLITE_LIB ../component/Actel/DirectCore/CoreAHBLite/5.2.100/mti/user_vlog/COREAHBLITE_LIB 
# Modifying modelsim.ini
# Model Technology ModelSim Microsemi vcom 10.4c Compiler 2015.07 Aug 12 2015
# Start time: 15:27:45 on Oct 11,2016
# vcom -reportprogress 300 -work COREAHBLITE_LIB -force_refresh 
# -- Skipping module BFM_AHBL
# -- Skipping module BFM_AHBSLAVE
# -- Skipping module BFM_AHBSLAVEEXT
# -- Skipping module BFM_MAIN
# End time: 15:27:45 on Oct 11,2016, Elapsed time: 0:00:00
# Errors: 0, Warnings: 0
# Model Technology ModelSim Microsemi vlog 10.4c Compiler 2015.07 Aug 12 2015
# Start time: 15:27:45 on Oct 11,2016
# vlog -reportprogress 300 -work COREAHBLITE_LIB -force_refresh 
# -- Refreshing module BFM_AHBL
# -- Refreshing module BFM_AHBSLAVE
# -- Refreshing module BFM_AHBSLAVEEXT
# -- Refreshing module BFM_MAIN
# End time: 15:27:45 on Oct 11,2016, Elapsed time: 0:00:00
# Errors: 0, Warnings: 0
# Model Technology ModelSim Microsemi vlog 10.4c Compiler 2015.07 Aug 12 2015
# Start time: 15:27:45 on Oct 11,2016
# vlog -reportprogress 300 -vlog01compat -work postsynth C:/Users/Giovanna.Franco/Documents/9Oct2016/m2s_m2gl_ac429_liberov11p7_df/eSRAM_eNVM_RW_Fabric/Libero_project/IGL2/synthesis/SPI_Master.v 
# -- Compiling module SPI_Master
# 
# Top level modules:
# 	SPI_Master
# End time: 15:27:45 on Oct 11,2016, Elapsed time: 0:00:00
# Errors: 0, Warnings: 0
# Model Technology ModelSim Microsemi vlog 10.4c Compiler 2015.07 Aug 12 2015
# Start time: 15:27:45 on Oct 11,2016
# vlog -reportprogress 300 "+incdir+C:/Users/Giovanna.Franco/Documents/9Oct2016/m2s_m2gl_ac429_liberov11p7_df/eSRAM_eNVM_RW_Fabric/Libero_project/IGL2/stimulus" -vlog01compat -work postsynth C:/Users/Giovanna.Franco/Documents/9Oct2016/m2s_m2gl_ac429_liberov11p7_df/eSRAM_eNVM_RW_Fabric/Libero_project/IGL2/stimulus/SPI_ma.v 
# -- Compiling module SPI_ma
# 
# Top level modules:
# 	SPI_ma
# End time: 15:27:45 on Oct 11,2016, Elapsed time: 0:00:00
# Errors: 0, Warnings: 0
# vsim -L IGLOO2 -L postsynth -L COREAHBLITE_LIB -t 1fs postsynth.SPI_ma 
# Start time: 15:27:46 on Oct 11,2016
# //  ModelSim Microsemi 10.4c Aug 12 2015 
# //
# //  Copyright 1991-2015 Mentor Graphics Corporation
# //  All Rights Reserved.
# //
# //  THIS WORK CONTAINS TRADE SECRET AND PROPRIETARY INFORMATION
# //  WHICH IS THE PROPERTY OF MENTOR GRAPHICS CORPORATION OR ITS
# //  LICENSORS AND IS SUBJECT TO LICENSE TERMS.
# //  THIS DOCUMENT CONTAINS TRADE SECRETS AND COMMERCIAL OR FINANCIAL
# //  INFORMATION THAT ARE PRIVILEGED, CONFIDENTIAL, AND EXEMPT FROM
# //  DISCLOSURE UNDER THE FREEDOM OF INFORMATION ACT, 5 U.S.C. SECTION 552.
# //  FURTHERMORE, THIS INFORMATION IS PROHIBITED FROM DISCLOSURE UNDER
# //  THE TRADE SECRETS ACT, 18 U.S.C. SECTION 1905.
# //
# Loading postsynth.SPI_ma
# Loading postsynth.SPI_Master
# Loading IGLOO2.CFG3
# Loading IGLOO2.CFG4
# Loading IGLOO2.CFG1
# Loading IGLOO2.CFG2
# Loading IGLOO2.SLE
# Loading IGLOO2.SLE_Prim
# Loading IGLOO2.ARI1
# Loading IGLOO2.OUTBUF
# Loading IGLOO2.INBUF
# Loading IGLOO2.TRIBUFF
# Loading IGLOO2.GND
# Loading IGLOO2.VCC
# Loading IGLOO2.CLKINT
# Loading IGLOO2.UDP_MUX2
# Loading IGLOO2.UDP_DFF
# Loading IGLOO2.UDP_DL
# ** Error: (vish-4014) No objects found matching '/eSRAM_eNVM_access_top_testbench/eSRAM_eNVM_access_top_0/start_esram'.
# Executing ONERROR command at macro ./wave.do line 3
# ** Error: (vish-4014) No objects found matching '/eSRAM_eNVM_access_top_testbench/eSRAM_eNVM_access_top_0/start_envm'.
# Executing ONERROR command at macro ./wave.do line 4
# ** Error: (vish-4014) No objects found matching '/eSRAM_eNVM_access_top_testbench/eSRAM_eNVM_access_top_0/AHB_IF_0/HCLK'.
# Executing ONERROR command at macro ./wave.do line 5
# ** Error: (vish-4014) No objects found matching '/eSRAM_eNVM_access_top_testbench/eSRAM_eNVM_access_top_0/AHB_IF_0/HRESETn'.
# Executing ONERROR command at macro ./wave.do line 6
# ** Error: (vish-4014) No objects found matching '/eSRAM_eNVM_access_top_testbench/eSRAM_eNVM_access_top_0/AHB_IF_0/HSIZE_IN'.
# Executing ONERROR command at macro ./wave.do line 7
# ** Error: (vish-4014) No objects found matching '/eSRAM_eNVM_access_top_testbench/eSRAM_eNVM_access_top_0/AHB_IF_0/HADDR'.
# Executing ONERROR command at macro ./wave.do line 8
# ** Error: (vish-4014) No objects found matching '/eSRAM_eNVM_access_top_testbench/eSRAM_eNVM_access_top_0/AHB_IF_0/HTRANS'.
# Executing ONERROR command at macro ./wave.do line 9
# ** Error: (vish-4014) No objects found matching '/eSRAM_eNVM_access_top_testbench/eSRAM_eNVM_access_top_0/AHB_IF_0/HWRITE'.
# Executing ONERROR command at macro ./wave.do line 10
# ** Error: (vish-4014) No objects found matching '/eSRAM_eNVM_access_top_testbench/eSRAM_eNVM_access_top_0/AHB_IF_0/HSIZE'.
# Executing ONERROR command at macro ./wave.do line 11
# ** Error: (vish-4014) No objects found matching '/eSRAM_eNVM_access_top_testbench/eSRAM_eNVM_access_top_0/AHB_IF_0/HWDATA'.
# Executing ONERROR command at macro ./wave.do line 12
# ** Error: (vish-4014) No objects found matching '/eSRAM_eNVM_access_top_testbench/eSRAM_eNVM_access_top_0/AHB_IF_0/HREADY'.
# Executing ONERROR command at macro ./wave.do line 13
# ** Error: (vish-4014) No objects found matching '/eSRAM_eNVM_access_top_testbench/eSRAM_eNVM_access_top_0/AHB_IF_0/HRDATA'.
# Executing ONERROR command at macro ./wave.do line 14
# ** Error: (vish-4014) No objects found matching '/eSRAM_eNVM_access_top_testbench/eSRAM_eNVM_access_top_0/AHB_IF_0/HRESP'.
# Executing ONERROR command at macro ./wave.do line 15
add wave -position end  sim:/SPI_ma/SYSCLK_PERIOD
add wave -position end  sim:/SPI_ma/SYSCLK
add wave -position end  sim:/SPI_ma/NSYSRESET
add wave -position end  sim:/SPI_ma/tenable
add wave -position end  sim:/SPI_ma/tcpol
add wave -position end  sim:/SPI_ma/tcpha
add wave -position end  sim:/SPI_ma/tPWRITE
add wave -position end  sim:/SPI_ma/tPADDR
add wave -position end  sim:/SPI_ma/tPWDATA
add wave -position end  sim:/SPI_ma/tMISO
add wave -position end  sim:/SPI_ma/tCS
add wave -position end  sim:/SPI_ma/tss_n
add wave -position end  sim:/SPI_ma/tPRDATA
add wave -position end  sim:/SPI_ma/tCLKOUT
add wave -position end  sim:/SPI_ma/tMOSI
run
# Break key hit
# Break at an unknown location
# End time: 15:28:14 on Oct 11,2016, Elapsed time: 0:00:28
# Errors: 39, Warnings: 0
