********************************************************************
I/O Bank Report - Date: Fri Oct 14 23:26:34 2016
Product: Designer
Release: v11.7 SP1
Version: 11.7.1.11
Design Name: eSRAM_eNVM_access_top
Family: IGLOO2
Die: M2GL025
Package: 256 VF
********************************************************************


I/O Function:

    Type                                  | w/o register  | w/ register  | w/ DDR register
    --------------------------------------|---------------|--------------|----------------
    Input I/O                             | 4             | 0            | 0
    Output I/O                            | 44            | 0            | 0
    Bidirectional I/O                     | 0             | 0            | 0
    Differential Input I/O Pairs          | 0             | 0            | 0
    Differential Output I/O Pairs         | 0             | 0            | 0

I/O Technology:

                                    |   Voltages    |             I/Os              
    --------------------------------|-------|-------|-------|--------|--------------
    I/O Standard(s)                 | Vddi  | Vref  | Input | Output | Bidirectional
    --------------------------------|-------|-------|-------|--------|--------------
    LVCMOS33                        | 3.30v | N/A   | 4     | 35     | 0            
    LVCMOS18                        | 1.80v | N/A   | 0     | 9      | 0            

I/O Bank Resource Usage:

          |   Voltages    | Single I/Os  | Diff I/O Pairs |        Vref I/Os        |  Type   
          |-------|-------|------|-------|-------|--------|------|-------|----------|---------
          | Vddi  | Vref  | Used | Total | Used  | Total  | Used | Total | Vref Pins|         
    ------|-------|-------|------|-------|-------|--------|------|-------|----------|---------
    Bank0 | 1.80v | N/A   | 9    | 64    | 0     | 32     | N/A  | N/A   | N/A      | DDRIO   
    Bank1 | 3.30v | N/A   | 3    | 4     | 0     | 0      | N/A  | N/A   | N/A      | MSIO    
    Bank2 | 3.30v | N/A   | 12   | 24    | 0     | 12     | N/A  | N/A   | N/A      | MSIO    
    Bank3 | N/A   | N/A   | 0    | 0     | 0     | 0      | N/A  | N/A   | N/A      | JTAG    
    Bank4 | 3.30v | N/A   | 24   | 28    | 0     | 14     | N/A  | N/A   | N/A      | MSIO    
    Bank5 | N/A   | N/A   | 0    | 4     | 0     | 2      | N/A  | N/A   | N/A      | MSIOD   
    Bank6 | N/A   | N/A   | 0    | 4     | 0     | 0      | N/A  | N/A   | N/A      | MSIOD   
    Bank7 | N/A   | N/A   | 0    | 10    | 0     | 5      | N/A  | N/A   | N/A      | MSIO    


I/O Voltage Usage:

       Voltages    |     I/Os     
    -------|-------|------|-------
     Vddi  | Vref  | Used | Total 
    -------|-------|------|-------
     1.80v | N/A   | 9    | 64    
     3.30v | N/A   | 39   | 56    

