Resource Usage Report for eSRAM_eNVM_access_top 

Mapping to part: m2gl025vf256std
Cell usage:
CCC             1 use
CLKINT          2 uses
MSS_025         1 use
RCOSC_25_50MHZ  1 use
SYSRESET        1 use
CFG1           2 uses
CFG2           168 uses
CFG3           110 uses
CFG4           229 uses

Carry primitives used for arithmetic functions:
ARI1           102 uses


Sequential Cells: 
SLE            489 uses

DSP Blocks:    0

I/O ports: 49
I/O primitives: 48
INBUF          4 uses
OUTBUF         42 uses
TRIBUFF        2 uses


Global Clock Buffers: 2


Total LUTs:    611

Extra resources required for RAM and MACC interface logic during P&R:

RAM64x18 Interface Logic : SLEs = 0; LUTs = 0;
RAM1K18  Interface Logic : SLEs = 36; LUTs = 36;
MACC     Interface Logic : SLEs = 0; LUTs = 0;

Total number of SLEs after P&R:  489 + 0 + 36 + 0 = 525;
Total number of LUTs after P&R:  611 + 0 + 36 + 0 = 647;

