Resource Usage Report for SPI_Master 

Mapping to part: m2gl025vf256std
Cell usage:
CLKINT          2 uses
CFG1           5 uses
CFG2           38 uses
CFG3           54 uses
CFG4           31 uses

Carry primitives used for arithmetic functions:
ARI1           54 uses


Sequential Cells: 
SLE            161 uses

DSP Blocks:    0

I/O ports: 80
I/O primitives: 80
INBUF          44 uses
OUTBUF         34 uses
TRIBUFF        2 uses


Global Clock Buffers: 2


Total LUTs:    182

Extra resources required for RAM and MACC interface logic during P&R:

RAM64x18 Interface Logic : SLEs = 0; LUTs = 0;
RAM1K18  Interface Logic : SLEs = 0; LUTs = 0;
MACC     Interface Logic : SLEs = 0; LUTs = 0;

Total number of SLEs after P&R:  161 + 0 + 0 + 0 = 161;
Total number of LUTs after P&R:  182 + 0 + 0 + 0 = 182;

